<?xml version="1.0" encoding="UTF-8"?>
<testsuite name="com.github.ynfeng.refactor.change_function_declaration.CircleTest" tests="1" skipped="0" failures="0" errors="0" timestamp="2021-06-16T09:51:28" hostname="ynfeng-mac.local" time="0.018">
  <properties/>
  <testcase name="计算圆周长()" classname="com.github.ynfeng.refactor.change_function_declaration.CircleTest" time="0.018"/>
  <system-out><![CDATA[]]></system-out>
  <system-err><![CDATA[]]></system-err>
</testsuite>
